#
# There is insufficient memory for the Java Runtime Environment to continue.
# Native memory allocation (mmap) failed to map 130023424 bytes. Error detail: G1 virtual space
# Possible reasons:
#   The system is out of physical RAM or swap space
#   This process is running with CompressedOops enabled, and the Java Heap may be blocking the growth of the native heap
# Possible solutions:
#   Reduce memory load on the system
#   Increase physical memory or swap space
#   Check if swap backing store is full
#   Decrease Java heap size (-Xmx/-Xms)
#   Decrease number of Java threads
#   Decrease Java thread stack sizes (-Xss)
#   Set larger code cache with -XX:ReservedCodeCacheSize=
#   JVM is running with Unscaled Compressed Oops mode in which the Java heap is
#     placed in the first 4GB address space. The Java Heap base address is the
#     maximum limit for the native heap growth. Please use -XX:HeapBaseMinAddress
#     to set the Java Heap base and to place the Java Heap above 4GB virtual address.
# This output file may be truncated or incomplete.
#
#  Out of Memory Error (os_windows.cpp:3631), pid=9632, tid=21396
#
# JRE version:  (22.0.2+9) (build )
# Java VM: Java HotSpot(TM) 64-Bit Server VM (22.0.2+9-70, mixed mode, sharing, tiered, compressed oops, compressed class ptrs, g1 gc, windows-amd64)
# No core dump will be written. Minidumps are not enabled by default on client versions of Windows
#

---------------  S U M M A R Y ------------

Command Line: -XX:+ShowCodeDetailsInExceptionMessages bank.management.system.deposit

Host: 12th Gen Intel(R) Core(TM) i5-1235U, 12 cores, 7G,  Windows 11 , 64 bit Build 26100 (10.0.26100.8328)
Time: Fri May 29 13:07:54 2026 India Standard Time elapsed time: 1.116787 seconds (0d 0h 0m 1s)

---------------  T H R E A D  ---------------

Current thread (0x000001b2bd74ffd0):  JavaThread "Unknown thread" [_thread_in_vm, id=21396, stack(0x0000005d1d900000,0x0000005d1da00000) (1024K)]

Stack: [0x0000005d1d900000,0x0000005d1da00000]
Native frames: (J=compiled Java code, j=interpreted, Vv=VM code, C=native code)
V  [jvm.dll+0x6e26e9]  (no source info available)
V  [jvm.dll+0x875753]  (no source info available)
V  [jvm.dll+0x877b7e]  (no source info available)
V  [jvm.dll+0x878253]  (no source info available)
V  [jvm.dll+0x27fc86]  (no source info available)
V  [jvm.dll+0x6ded85]  (no source info available)
V  [jvm.dll+0x6d388a]  (no source info available)
V  [jvm.dll+0x358b8a]  (no source info available)
V  [jvm.dll+0x3610b6]  (no source info available)
V  [jvm.dll+0x3b419e]  (no source info available)
V  [jvm.dll+0x3b4448]  (no source info available)
V  [jvm.dll+0x32c5ec]  (no source info available)
V  [jvm.dll+0x32d258]  (no source info available)
V  [jvm.dll+0x83d5ac]  (no source info available)
V  [jvm.dll+0x3c10d1]  (no source info available)
V  [jvm.dll+0x8264cc]  (no source info available)
V  [jvm.dll+0x45bd5e]  (no source info available)
V  [jvm.dll+0x45dbe1]  (no source info available)
C  [jli.dll+0x52a3]  (no source info available)
C  [ucrtbase.dll+0x37b0]  (no source info available)
C  [KERNEL32.DLL+0x2e957]  (no source info available)
C  [ntdll.dll+0x427c]  (no source info available)


---------------  P R O C E S S  ---------------

Threads class SMR info:
_java_thread_list=0x00007ffdddd0c1c8, length=0, elements={
}

Java Threads: ( => current thread )
Total: 0

Other Threads:
  0x000001b2bfa60d40 WorkerThread "GC Thread#0"                     [id=30484, stack(0x0000005d1da00000,0x0000005d1db00000) (1024K)]
  0x000001b2bfa72380 ConcurrentGCThread "G1 Main Marker"            [id=26896, stack(0x0000005d1db00000,0x0000005d1dc00000) (1024K)]
  0x000001b2bfa72e90 WorkerThread "G1 Conc#0"                       [id=24792, stack(0x0000005d1dc00000,0x0000005d1dd00000) (1024K)]

[error occurred during error reporting (printing all threads), id 0xc0000005, EXCEPTION_ACCESS_VIOLATION (0xc0000005) at pc=0x00007ffddd45f517]
VM state: not at safepoint (not fully initialized)

VM Mutex/Monitor currently owned by a thread:  ([mutex/lock_event])
[0x00007ffdddd8cc80] Heap_lock - owner thread: 0x000001b2bd74ffd0

Heap address: 0x0000000084e00000, size: 1970 MB, Compressed Oops mode: 32-bit

CDS archive(s) mapped at: [0x0000000000000000-0x0000000000000000-0x0000000000000000), size 0, SharedBaseAddress: 0x0000000800000000, ArchiveRelocationMode: 1.
Narrow klass base: 0x0000000000000000, Narrow klass shift: 0, Narrow klass range: 0x0

GC Precious Log:
 CardTable entry size: 512
 Card Set container configuration: InlinePtr #cards 5 size 8 Array Of Cards #cards 12 size 40 Howl #buckets 4 coarsen threshold 1843 Howl Bitmap #cards 512 size 80 coarsen threshold 460 Card regions per heap region 1 cards per card region 2048

Heap:
 garbage-first heap   total reserved 2017280K, committed 0K, used 0K [0x0000000084e00000, 0x0000000100000000)
  region size 1024K, 0 young (0K), 0 survivors (0K)

[error occurred during error reporting (printing heap information), id 0xc0000005, EXCEPTION_ACCESS_VIOLATION (0xc0000005) at pc=0x00007ffddd85e869]
GC Heap History (0 events):
No events

Dll operation events (1 events):
Event: 0.012 Loaded shared library C:\Program Files\Java\jdk-22\bin\java.dll

Deoptimization events (0 events):
No events

Classes loaded (0 events):
No events

Classes unloaded (0 events):
No events

Classes redefined (0 events):
No events

Internal exceptions (0 events):
No events

ZGC Phase Switch (0 events):
No events

VM Operations (0 events):
No events

Memory protections (0 events):
No events

Nmethod flushes (0 events):
No events

Events (0 events):
No events


Dynamic libraries:
0x00007ff67ba00000 - 0x00007ff67ba10000 	C:\Program Files\Java\jdk-22\bin\java.exe
0x00007ffe88020000 - 0x00007ffe88287000 	C:\WINDOWS\SYSTEM32\ntdll.dll
0x00007ffe86f10000 - 0x00007ffe86fd9000 	C:\WINDOWS\System32\KERNEL32.DLL
0x00007ffe84c80000 - 0x00007ffe85077000 	C:\WINDOWS\System32\KERNELBASE.dll
0x00007ffe84b00000 - 0x00007ffe84c4b000 	C:\WINDOWS\System32\ucrtbase.dll
0x00007ffe6a170000 - 0x00007ffe6a187000 	C:\Program Files\Java\jdk-22\bin\jli.dll
0x00007ffe63840000 - 0x00007ffe6385b000 	C:\Program Files\Java\jdk-22\bin\VCRUNTIME140.dll
0x00007ffe87c80000 - 0x00007ffe87e46000 	C:\WINDOWS\System32\USER32.dll
0x00007ffe84c50000 - 0x00007ffe84c77000 	C:\WINDOWS\System32\win32u.dll
0x00007ffe6a650000 - 0x00007ffe6a8e2000 	C:\WINDOWS\WinSxS\amd64_microsoft.windows.common-controls_6595b64144ccf1df_6.0.26100.8457_none_3e0b2faee331e92d\COMCTL32.dll
0x00007ffe87310000 - 0x00007ffe8733b000 	C:\WINDOWS\System32\GDI32.dll
0x00007ffe87260000 - 0x00007ffe87309000 	C:\WINDOWS\System32\msvcrt.dll
0x00007ffe85af0000 - 0x00007ffe85c1c000 	C:\WINDOWS\System32\gdi32full.dll
0x00007ffe84a50000 - 0x00007ffe84af3000 	C:\WINDOWS\System32\msvcp_win.dll
0x00007ffe86fe0000 - 0x00007ffe87012000 	C:\WINDOWS\System32\IMM32.DLL
0x00007ffe7af40000 - 0x00007ffe7af4c000 	C:\Program Files\Java\jdk-22\bin\vcruntime140_1.dll
0x00007ffe61e70000 - 0x00007ffe61efe000 	C:\Program Files\Java\jdk-22\bin\msvcp140.dll
0x00007ffddd120000 - 0x00007ffddde69000 	C:\Program Files\Java\jdk-22\bin\server\jvm.dll
0x00007ffe860b0000 - 0x00007ffe86166000 	C:\WINDOWS\System32\ADVAPI32.dll
0x00007ffe87ed0000 - 0x00007ffe87f77000 	C:\WINDOWS\System32\sechost.dll
0x00007ffe87020000 - 0x00007ffe87138000 	C:\WINDOWS\System32\RPCRT4.dll
0x00007ffe85f90000 - 0x00007ffe86010000 	C:\WINDOWS\System32\WS2_32.dll
0x00007ffe848d0000 - 0x00007ffe8492e000 	C:\WINDOWS\SYSTEM32\POWRPROF.dll
0x00007ffe81c00000 - 0x00007ffe81c36000 	C:\WINDOWS\SYSTEM32\WINMM.dll
0x00007ffe6e220000 - 0x00007ffe6e22b000 	C:\WINDOWS\SYSTEM32\VERSION.dll
0x00007ffe848b0000 - 0x00007ffe848c4000 	C:\WINDOWS\SYSTEM32\UMPDC.dll
0x00007ffe837e0000 - 0x00007ffe837fb000 	C:\WINDOWS\SYSTEM32\kernel.appcore.dll
0x00007ffe78b20000 - 0x00007ffe78b2a000 	C:\Program Files\Java\jdk-22\bin\jimage.dll
0x00007ffe82890000 - 0x00007ffe82ad2000 	C:\WINDOWS\SYSTEM32\DBGHELP.DLL
0x00007ffe87340000 - 0x00007ffe876c3000 	C:\WINDOWS\System32\combase.dll
0x00007ffe86320000 - 0x00007ffe863f9000 	C:\WINDOWS\System32\OLEAUT32.dll
0x00007ffe6a8f0000 - 0x00007ffe6a92b000 	C:\WINDOWS\SYSTEM32\dbgcore.DLL
0x00007ffe85080000 - 0x00007ffe85128000 	C:\WINDOWS\System32\bcryptPrimitives.dll
0x00007ffe63700000 - 0x00007ffe6371e000 	C:\Program Files\Java\jdk-22\bin\java.dll
0x00007ffe86790000 - 0x00007ffe86efe000 	C:\WINDOWS\System32\SHELL32.dll
0x00007ffe86400000 - 0x00007ffe86597000 	C:\WINDOWS\System32\ole32.dll

dbghelp: loaded successfully - version: 4.0.5 - missing functions: none
symbol engine: initialized successfully - sym options: 0x614 - pdb path: .;C:\Program Files\Java\jdk-22\bin;C:\WINDOWS\SYSTEM32;C:\WINDOWS\WinSxS\amd64_microsoft.windows.common-controls_6595b64144ccf1df_6.0.26100.8457_none_3e0b2faee331e92d;C:\Program Files\Java\jdk-22\bin\server

VM Arguments:
jvm_args: -XX:+ShowCodeDetailsInExceptionMessages 
java_command: bank.management.system.deposit
java_class_path (initial): C:\Users\SREENIVAS\AppData\Roaming\Code\User\workspaceStorage\44d98cd185a01aaab22590654f5b70cc\redhat.java\jdt_ws\BankManagementSystem_b5a896d0\bin;c:\Users\SREENIVAS\OneDrive\Documents\BankManagementSystem\lib\mysql-connector-java-8.0.28.jar;c:\Users\SREENIVAS\OneDrive\Documents\BankManagementSystem\lib\jcalendar-tz-1.3.3-4.jar
Launcher Type: SUN_STANDARD

[Global flags]
     intx CICompilerCount                          = 4                                         {product} {ergonomic}
     uint ConcGCThreads                            = 3                                         {product} {ergonomic}
     uint G1ConcRefinementThreads                  = 10                                        {product} {ergonomic}
   size_t G1HeapRegionSize                         = 1048576                                   {product} {ergonomic}
   size_t InitialHeapSize                          = 130023424                                 {product} {ergonomic}
   size_t MarkStackSize                            = 4194304                                   {product} {ergonomic}
   size_t MaxHeapSize                              = 2065694720                                {product} {ergonomic}
   size_t MinHeapDeltaBytes                        = 1048576                                   {product} {ergonomic}
   size_t MinHeapSize                              = 8388608                                   {product} {ergonomic}
    uintx NonNMethodCodeHeapSize                   = 5839372                                {pd product} {ergonomic}
    uintx NonProfiledCodeHeapSize                  = 122909434                              {pd product} {ergonomic}
    uintx ProfiledCodeHeapSize                     = 122909434                              {pd product} {ergonomic}
    uintx ReservedCodeCacheSize                    = 251658240                              {pd product} {ergonomic}
     bool SegmentedCodeCache                       = true                                      {product} {ergonomic}
     bool ShowCodeDetailsInExceptionMessages       = true                                   {manageable} {command line}
   size_t SoftMaxHeapSize                          = 2065694720                             {manageable} {ergonomic}
     bool UseCompressedOops                        = true                           {product lp64_product} {ergonomic}
     bool UseG1GC                                  = true                                      {product} {ergonomic}
     bool UseLargePagesIndividualAllocation        = false                                  {pd product} {ergonomic}

Logging:
Log output configuration:
 #0: stdout all=warning uptime,level,tags foldmultilines=false
 #1: stderr all=off uptime,level,tags foldmultilines=false

Environment Variables:
PATH=C:\oraclexe\app\oracle\product\11.2.0\server\bin;C:\Program Files (x86)\VMware\VMware Workstation\bin\;C:\Program Files\Common Files\Oracle\Java\javapath;C:\WINDOWS\system32;C:\WINDOWS;C:\WINDOWS\System32\Wbem;C:\WINDOWS\System32\WindowsPowerShell\v1.0\;C:\WINDOWS\System32\OpenSSH\;C:\Program Files\dotnet\;C:\MinGW\bin;D:\sqlite-tools-win-x64-3490100;C:\Program Files\Git\cmd;C:\Users\SREENIVAS\AppData\Local\Programs\Python\Python312\Scripts\;C:\Users\SREENIVAS\AppData\Local\Programs\Python\Python312\;C:\Users\SREENIVAS\AppData\Local\Programs\Python\Launcher\;C:\Users\SREENIVAS\AppData\Local\Microsoft\WindowsApps;C:\MinGW\bin;C:\Users\SREENIVAS\AppData\Local\Programs\Microsoft VS Code\bin;C:\Program Files\Java\jdk-22\bin;C:\Users\SREENIVAS\AppData\Local\Programs\Python\Python312\Scripts;C:\Users\SREENIVAS\Downloads\mingw-get-setup.exe;c:\Users\SREENIVAS\.vscode\extensions\vscjava.vscode-java-debug-0.59.0\bundled\scripts\noConfigScripts
USERNAME=SREENIVAS
LANG=en_US.UTF-8
OS=Windows_NT
PROCESSOR_IDENTIFIER=Intel64 Family 6 Model 154 Stepping 4, GenuineIntel
TMP=C:\Users\SREENI~1\AppData\Local\Temp
TEMP=C:\Users\SREENI~1\AppData\Local\Temp




Periodic native trim disabled

---------------  S Y S T E M  ---------------

OS:
 Windows 11 , 64 bit Build 26100 (10.0.26100.8328)
OS uptime: 9 days 3:06 hours
Hyper-V role detected

CPU: total 12 (initial active 12) (6 cores per cpu, 2 threads per core) family 6 model 154 stepping 4 microcode 0x43b, cx8, cmov, fxsr, ht, mmx, 3dnowpref, sse, sse2, sse3, ssse3, sse4.1, sse4.2, popcnt, lzcnt, tsc, tscinvbit, avx, avx2, aes, erms, clmul, bmi1, bmi2, adx, sha, fma, vzeroupper, clflush, clflushopt, clwb, hv, serialize, rdtscp, rdpid, fsrm, f16c, cet_ibt, cet_ss
Processor Information for all 12 processors :
  Max Mhz: 1300, Current Mhz: 1300, Mhz Limit: 1300

Memory: 4k page, system-wide physical 7876M (287M free)
TotalPageFile size 27396M (AvailPageFile size 89M)
current process WorkingSet (physical memory assigned to process): 13M, peak: 13M
current process commit charge ("private bytes"): 64M, peak: 188M

vm_info: Java HotSpot(TM) 64-Bit Server VM (22.0.2+9-70) for windows-amd64 JRE (22.0.2+9-70), built on 2024-06-04T16:52:23Z by "mach5one" with MS VC++ 17.6 (VS2022)

END.
